2026-03-31 05:00:50 | INFO | utils.logging | Logging initialized. Log file: outputs/disasternet/run_configs_disaster_20260331_050050.log
2026-03-31 05:00:50 | INFO | utils.logging | Config loaded from: configs/disaster.yaml
2026-03-31 05:00:50 | INFO | utils.logging | Device: mps
2026-03-31 05:00:50 | INFO | utils.logging | Eval-only mode: False
2026-03-31 05:00:50 | INFO | __main__ | ============================================================
2026-03-31 05:00:50 | INFO | __main__ | Loading dataset: damage_dataset from dataset/damage_dataset
2026-03-31 05:00:50 | INFO | __main__ | ============================================================
2026-03-31 05:00:51 | INFO | __main__ | Train: 4761 | Val: 530 | Test: 588
2026-03-31 05:00:51 | INFO | __main__ | ============================================================
2026-03-31 05:00:51 | INFO | __main__ | [training] siglip_twoStage | Dataset: damage_dataset
2026-03-31 05:00:51 | INFO | __main__ | ============================================================
2026-03-31 05:00:51 | INFO | httpx | HTTP Request: HEAD https://huggingface.co/google/siglip-base-patch16-256-multilingual/resolve/main/config.json "HTTP/1.1 307 Temporary Redirect"
2026-03-31 05:00:51 | WARNING | huggingface_hub.utils._http | Warning: You are sending unauthenticated requests to the HF Hub. Please set a HF_TOKEN to enable higher rate limits and faster downloads.
2026-03-31 05:00:51 | INFO | httpx | HTTP Request: HEAD https://huggingface.co/api/resolve-cache/models/google/siglip-base-patch16-256-multilingual/8952a4eafcde3cb7ab46b1dd629b33f8784ca9c6/config.json "HTTP/1.1 200 OK"
2026-03-31 05:00:52 | INFO | httpx | HTTP Request: HEAD https://huggingface.co/google/siglip-base-patch16-256-multilingual/resolve/main/processor_config.json "HTTP/1.1 404 Not Found"
2026-03-31 05:00:52 | INFO | httpx | HTTP Request: HEAD https://huggingface.co/google/siglip-base-patch16-256-multilingual/resolve/main/preprocessor_config.json "HTTP/1.1 307 Temporary Redirect"
2026-03-31 05:00:52 | INFO | httpx | HTTP Request: HEAD https://huggingface.co/api/resolve-cache/models/google/siglip-base-patch16-256-multilingual/8952a4eafcde3cb7ab46b1dd629b33f8784ca9c6/preprocessor_config.json "HTTP/1.1 200 OK"
2026-03-31 05:00:52 | INFO | httpx | HTTP Request: HEAD https://huggingface.co/google/siglip-base-patch16-256-multilingual/resolve/main/processor_config.json "HTTP/1.1 404 Not Found"
2026-03-31 05:00:52 | INFO | httpx | HTTP Request: HEAD https://huggingface.co/google/siglip-base-patch16-256-multilingual/resolve/main/preprocessor_config.json "HTTP/1.1 307 Temporary Redirect"
2026-03-31 05:00:52 | INFO | httpx | HTTP Request: HEAD https://huggingface.co/api/resolve-cache/models/google/siglip-base-patch16-256-multilingual/8952a4eafcde3cb7ab46b1dd629b33f8784ca9c6/preprocessor_config.json "HTTP/1.1 200 OK"
2026-03-31 05:00:52 | INFO | httpx | HTTP Request: GET https://huggingface.co/api/models/google/siglip-base-patch16-256-multilingual/tree/main/additional_chat_templates?recursive=false&expand=false "HTTP/1.1 404 Not Found"
2026-03-31 05:00:53 | INFO | httpx | HTTP Request: HEAD https://huggingface.co/google/siglip-base-patch16-256-multilingual/resolve/main/processor_config.json "HTTP/1.1 404 Not Found"
2026-03-31 05:00:53 | INFO | httpx | HTTP Request: HEAD https://huggingface.co/google/siglip-base-patch16-256-multilingual/resolve/main/chat_template.json "HTTP/1.1 404 Not Found"
2026-03-31 05:00:53 | INFO | httpx | HTTP Request: HEAD https://huggingface.co/google/siglip-base-patch16-256-multilingual/resolve/main/chat_template.jinja "HTTP/1.1 404 Not Found"
2026-03-31 05:00:53 | INFO | httpx | HTTP Request: HEAD https://huggingface.co/google/siglip-base-patch16-256-multilingual/resolve/main/audio_tokenizer_config.json "HTTP/1.1 404 Not Found"
2026-03-31 05:00:53 | INFO | httpx | HTTP Request: HEAD https://huggingface.co/google/siglip-base-patch16-256-multilingual/resolve/main/processor_config.json "HTTP/1.1 404 Not Found"
2026-03-31 05:00:53 | INFO | httpx | HTTP Request: HEAD https://huggingface.co/google/siglip-base-patch16-256-multilingual/resolve/main/preprocessor_config.json "HTTP/1.1 307 Temporary Redirect"
2026-03-31 05:00:53 | INFO | httpx | HTTP Request: HEAD https://huggingface.co/api/resolve-cache/models/google/siglip-base-patch16-256-multilingual/8952a4eafcde3cb7ab46b1dd629b33f8784ca9c6/preprocessor_config.json "HTTP/1.1 200 OK"
2026-03-31 05:00:54 | INFO | httpx | HTTP Request: HEAD https://huggingface.co/google/siglip-base-patch16-256-multilingual/resolve/main/processor_config.json "HTTP/1.1 404 Not Found"
2026-03-31 05:00:54 | INFO | httpx | HTTP Request: HEAD https://huggingface.co/google/siglip-base-patch16-256-multilingual/resolve/main/preprocessor_config.json "HTTP/1.1 307 Temporary Redirect"
2026-03-31 05:00:54 | INFO | httpx | HTTP Request: HEAD https://huggingface.co/api/resolve-cache/models/google/siglip-base-patch16-256-multilingual/8952a4eafcde3cb7ab46b1dd629b33f8784ca9c6/preprocessor_config.json "HTTP/1.1 200 OK"
2026-03-31 05:00:54 | INFO | httpx | HTTP Request: HEAD https://huggingface.co/google/siglip-base-patch16-256-multilingual/resolve/main/config.json "HTTP/1.1 307 Temporary Redirect"
2026-03-31 05:00:54 | INFO | httpx | HTTP Request: HEAD https://huggingface.co/api/resolve-cache/models/google/siglip-base-patch16-256-multilingual/8952a4eafcde3cb7ab46b1dd629b33f8784ca9c6/config.json "HTTP/1.1 200 OK"
2026-03-31 05:00:54 | INFO | httpx | HTTP Request: HEAD https://huggingface.co/google/siglip-base-patch16-256-multilingual/resolve/main/tokenizer_config.json "HTTP/1.1 307 Temporary Redirect"
2026-03-31 05:00:54 | INFO | httpx | HTTP Request: HEAD https://huggingface.co/api/resolve-cache/models/google/siglip-base-patch16-256-multilingual/8952a4eafcde3cb7ab46b1dd629b33f8784ca9c6/tokenizer_config.json "HTTP/1.1 200 OK"
2026-03-31 05:00:54 | INFO | httpx | HTTP Request: GET https://huggingface.co/api/models/google/siglip-base-patch16-256-multilingual/tree/main/additional_chat_templates?recursive=false&expand=false "HTTP/1.1 404 Not Found"
2026-03-31 05:00:54 | INFO | httpx | HTTP Request: GET https://huggingface.co/api/models/google/siglip-base-patch16-256-multilingual/tree/main?recursive=true&expand=false "HTTP/1.1 200 OK"
2026-03-31 05:00:55 | ERROR | __main__ | Error running siglip_twoStage on damage_dataset: PyTorch is not linked with support for mps devices
2026-03-31 05:00:55 | ERROR | __main__ | Traceback (most recent call last):
  File "/workspaces/damageVLMs-experiment/train.py", line 112, in main
    pipeline.run()
  File "/workspaces/damageVLMs-experiment/pipelines/two_stage.py", line 50, in run
    base_model = base_model.to(device)
                 ^^^^^^^^^^^^^^^^^^^^^
  File "/usr/local/lib/python3.11/site-packages/transformers/modeling_utils.py", line 3572, in to
    return super().to(*args, **kwargs)
           ^^^^^^^^^^^^^^^^^^^^^^^^^^^
  File "/usr/local/lib/python3.11/site-packages/torch/nn/modules/module.py", line 1355, in to
    return self._apply(convert)
           ^^^^^^^^^^^^^^^^^^^^
  File "/usr/local/lib/python3.11/site-packages/torch/nn/modules/module.py", line 915, in _apply
    module._apply(fn)
  File "/usr/local/lib/python3.11/site-packages/torch/nn/modules/module.py", line 915, in _apply
    module._apply(fn)
  File "/usr/local/lib/python3.11/site-packages/torch/nn/modules/module.py", line 915, in _apply
    module._apply(fn)
  File "/usr/local/lib/python3.11/site-packages/torch/nn/modules/module.py", line 942, in _apply
    param_applied = fn(param)
                    ^^^^^^^^^
  File "/usr/local/lib/python3.11/site-packages/torch/nn/modules/module.py", line 1341, in convert
    return t.to(
           ^^^^^
RuntimeError: PyTorch is not linked with support for mps devices

