2026-03-31 03:16:38 | INFO | utils.logging | Logging initialized. Log file: outputs/run_configs_disaster_20260331_031638.log
2026-03-31 03:16:38 | INFO | utils.logging | Config loaded from: configs/disaster.yaml
2026-03-31 03:16:38 | INFO | utils.logging | Device: cuda
2026-03-31 03:16:38 | INFO | utils.logging | Eval-only mode: False
2026-03-31 03:16:38 | INFO | __main__ | ============================================================
2026-03-31 03:16:38 | INFO | __main__ | Loading dataset: damage_dataset from dataset/damage_dataset
2026-03-31 03:16:38 | INFO | __main__ | ============================================================
2026-03-31 03:16:38 | INFO | __main__ | Train: 4761 | Val: 530 | Test: 588
2026-03-31 03:16:38 | INFO | __main__ | ============================================================
2026-03-31 03:16:38 | INFO | __main__ | [training] siglip_sigmoid | Dataset: damage_dataset
2026-03-31 03:16:38 | INFO | __main__ | ============================================================
2026-03-31 03:16:39 | INFO | httpx | HTTP Request: HEAD https://huggingface.co/google/siglip-base-patch16-256-multilingual/resolve/main/config.json "HTTP/1.1 307 Temporary Redirect"
2026-03-31 03:16:39 | INFO | httpx | HTTP Request: HEAD https://huggingface.co/api/resolve-cache/models/google/siglip-base-patch16-256-multilingual/8952a4eafcde3cb7ab46b1dd629b33f8784ca9c6/config.json "HTTP/1.1 200 OK"
2026-03-31 03:16:39 | INFO | httpx | HTTP Request: HEAD https://huggingface.co/google/siglip-base-patch16-256-multilingual/resolve/main/processor_config.json "HTTP/1.1 404 Not Found"
2026-03-31 03:16:39 | INFO | httpx | HTTP Request: HEAD https://huggingface.co/google/siglip-base-patch16-256-multilingual/resolve/main/preprocessor_config.json "HTTP/1.1 307 Temporary Redirect"
2026-03-31 03:16:39 | INFO | httpx | HTTP Request: HEAD https://huggingface.co/api/resolve-cache/models/google/siglip-base-patch16-256-multilingual/8952a4eafcde3cb7ab46b1dd629b33f8784ca9c6/preprocessor_config.json "HTTP/1.1 200 OK"
2026-03-31 03:16:40 | INFO | httpx | HTTP Request: HEAD https://huggingface.co/google/siglip-base-patch16-256-multilingual/resolve/main/processor_config.json "HTTP/1.1 404 Not Found"
2026-03-31 03:16:40 | WARNING | huggingface_hub.utils._http | Warning: You are sending unauthenticated requests to the HF Hub. Please set a HF_TOKEN to enable higher rate limits and faster downloads.
2026-03-31 03:16:40 | INFO | httpx | HTTP Request: HEAD https://huggingface.co/google/siglip-base-patch16-256-multilingual/resolve/main/preprocessor_config.json "HTTP/1.1 307 Temporary Redirect"
2026-03-31 03:16:40 | INFO | httpx | HTTP Request: HEAD https://huggingface.co/api/resolve-cache/models/google/siglip-base-patch16-256-multilingual/8952a4eafcde3cb7ab46b1dd629b33f8784ca9c6/preprocessor_config.json "HTTP/1.1 200 OK"
2026-03-31 03:16:40 | INFO | httpx | HTTP Request: GET https://huggingface.co/api/models/google/siglip-base-patch16-256-multilingual/tree/main/additional_chat_templates?recursive=false&expand=false "HTTP/1.1 404 Not Found"
2026-03-31 03:16:40 | INFO | httpx | HTTP Request: HEAD https://huggingface.co/google/siglip-base-patch16-256-multilingual/resolve/main/processor_config.json "HTTP/1.1 404 Not Found"
2026-03-31 03:16:40 | INFO | httpx | HTTP Request: HEAD https://huggingface.co/google/siglip-base-patch16-256-multilingual/resolve/main/chat_template.json "HTTP/1.1 404 Not Found"
2026-03-31 03:16:40 | INFO | httpx | HTTP Request: HEAD https://huggingface.co/google/siglip-base-patch16-256-multilingual/resolve/main/chat_template.jinja "HTTP/1.1 404 Not Found"
2026-03-31 03:16:40 | INFO | httpx | HTTP Request: HEAD https://huggingface.co/google/siglip-base-patch16-256-multilingual/resolve/main/audio_tokenizer_config.json "HTTP/1.1 404 Not Found"
2026-03-31 03:16:41 | INFO | httpx | HTTP Request: HEAD https://huggingface.co/google/siglip-base-patch16-256-multilingual/resolve/main/processor_config.json "HTTP/1.1 404 Not Found"
2026-03-31 03:16:41 | INFO | httpx | HTTP Request: HEAD https://huggingface.co/google/siglip-base-patch16-256-multilingual/resolve/main/preprocessor_config.json "HTTP/1.1 307 Temporary Redirect"
2026-03-31 03:16:41 | INFO | httpx | HTTP Request: HEAD https://huggingface.co/api/resolve-cache/models/google/siglip-base-patch16-256-multilingual/8952a4eafcde3cb7ab46b1dd629b33f8784ca9c6/preprocessor_config.json "HTTP/1.1 200 OK"
2026-03-31 03:16:41 | INFO | httpx | HTTP Request: HEAD https://huggingface.co/google/siglip-base-patch16-256-multilingual/resolve/main/processor_config.json "HTTP/1.1 404 Not Found"
2026-03-31 03:16:41 | INFO | httpx | HTTP Request: HEAD https://huggingface.co/google/siglip-base-patch16-256-multilingual/resolve/main/preprocessor_config.json "HTTP/1.1 307 Temporary Redirect"
2026-03-31 03:16:41 | INFO | httpx | HTTP Request: HEAD https://huggingface.co/api/resolve-cache/models/google/siglip-base-patch16-256-multilingual/8952a4eafcde3cb7ab46b1dd629b33f8784ca9c6/preprocessor_config.json "HTTP/1.1 200 OK"
2026-03-31 03:16:41 | INFO | httpx | HTTP Request: HEAD https://huggingface.co/google/siglip-base-patch16-256-multilingual/resolve/main/config.json "HTTP/1.1 307 Temporary Redirect"
2026-03-31 03:16:41 | INFO | httpx | HTTP Request: HEAD https://huggingface.co/api/resolve-cache/models/google/siglip-base-patch16-256-multilingual/8952a4eafcde3cb7ab46b1dd629b33f8784ca9c6/config.json "HTTP/1.1 200 OK"
2026-03-31 03:16:41 | INFO | httpx | HTTP Request: HEAD https://huggingface.co/google/siglip-base-patch16-256-multilingual/resolve/main/tokenizer_config.json "HTTP/1.1 307 Temporary Redirect"
2026-03-31 03:16:41 | INFO | httpx | HTTP Request: HEAD https://huggingface.co/api/resolve-cache/models/google/siglip-base-patch16-256-multilingual/8952a4eafcde3cb7ab46b1dd629b33f8784ca9c6/tokenizer_config.json "HTTP/1.1 200 OK"
2026-03-31 03:16:42 | INFO | httpx | HTTP Request: GET https://huggingface.co/api/models/google/siglip-base-patch16-256-multilingual/tree/main/additional_chat_templates?recursive=false&expand=false "HTTP/1.1 404 Not Found"
2026-03-31 03:16:42 | INFO | httpx | HTTP Request: GET https://huggingface.co/api/models/google/siglip-base-patch16-256-multilingual/tree/main?recursive=true&expand=false "HTTP/1.1 200 OK"
2026-03-31 03:16:47 | ERROR | __main__ | Error running siglip_sigmoid on damage_dataset: CUDA out of memory. Tried to allocate 20.00 MiB. GPU 0 has a total capacity of 11.90 GiB of which 36.25 MiB is free. Process 1454823 has 11.53 GiB memory in use. Of the allocated memory 11.08 GiB is allocated by PyTorch, and 280.79 MiB is reserved by PyTorch but unallocated. If reserved but unallocated memory is large try setting PYTORCH_CUDA_ALLOC_CONF=expandable_segments:True to avoid fragmentation.  See documentation for Memory Management  (https://pytorch.org/docs/stable/notes/cuda.html#environment-variables)
2026-03-31 03:16:47 | ERROR | __main__ | Traceback (most recent call last):
  File "/workspaces/damageVLMs-experiment/train.py", line 112, in main
    pipeline.run()
  File "/workspaces/damageVLMs-experiment/pipelines/contrastive.py", line 74, in run
    trainer.fit(train_loader, val_loader, hp["epochs"])
  File "/workspaces/damageVLMs-experiment/engine/trainers/base.py", line 112, in fit
    train_loss = self.train_epoch(train_loader)
                 ^^^^^^^^^^^^^^^^^^^^^^^^^^^^^^
  File "/workspaces/damageVLMs-experiment/engine/trainers/base.py", line 66, in train_epoch
    outputs = self.model(
              ^^^^^^^^^^^
  File "/usr/local/lib/python3.11/site-packages/torch/nn/modules/module.py", line 1751, in _wrapped_call_impl
    return self._call_impl(*args, **kwargs)
           ^^^^^^^^^^^^^^^^^^^^^^^^^^^^^^^^
  File "/usr/local/lib/python3.11/site-packages/torch/nn/modules/module.py", line 1762, in _call_impl
    return forward_call(*args, **kwargs)
           ^^^^^^^^^^^^^^^^^^^^^^^^^^^^^
  File "/usr/local/lib/python3.11/site-packages/transformers/utils/generic.py", line 857, in wrapper
    output = func(self, *args, **kwargs)
             ^^^^^^^^^^^^^^^^^^^^^^^^^^^
  File "/usr/local/lib/python3.11/site-packages/transformers/models/siglip/modeling_siglip.py", line 869, in forward
    text_outputs: BaseModelOutputWithPooling = self.text_model(
                                               ^^^^^^^^^^^^^^^^
  File "/usr/local/lib/python3.11/site-packages/torch/nn/modules/module.py", line 1751, in _wrapped_call_impl
    return self._call_impl(*args, **kwargs)
           ^^^^^^^^^^^^^^^^^^^^^^^^^^^^^^^^
  File "/usr/local/lib/python3.11/site-packages/torch/nn/modules/module.py", line 1762, in _call_impl
    return forward_call(*args, **kwargs)
           ^^^^^^^^^^^^^^^^^^^^^^^^^^^^^
  File "/usr/local/lib/python3.11/site-packages/transformers/utils/generic.py", line 857, in wrapper
    output = func(self, *args, **kwargs)
             ^^^^^^^^^^^^^^^^^^^^^^^^^^^
  File "/usr/local/lib/python3.11/site-packages/transformers/models/siglip/modeling_siglip.py", line 511, in forward
    encoder_outputs: BaseModelOutput = self.encoder(
                                       ^^^^^^^^^^^^^
  File "/usr/local/lib/python3.11/site-packages/torch/nn/modules/module.py", line 1751, in _wrapped_call_impl
    return self._call_impl(*args, **kwargs)
           ^^^^^^^^^^^^^^^^^^^^^^^^^^^^^^^^
  File "/usr/local/lib/python3.11/site-packages/torch/nn/modules/module.py", line 1762, in _call_impl
    return forward_call(*args, **kwargs)
           ^^^^^^^^^^^^^^^^^^^^^^^^^^^^^
  File "/usr/local/lib/python3.11/site-packages/transformers/models/siglip/modeling_siglip.py", line 464, in forward
    hidden_states = encoder_layer(
                    ^^^^^^^^^^^^^^
  File "/usr/local/lib/python3.11/site-packages/transformers/modeling_layers.py", line 93, in __call__
    return super().__call__(*args, **kwargs)
           ^^^^^^^^^^^^^^^^^^^^^^^^^^^^^^^^^
  File "/usr/local/lib/python3.11/site-packages/torch/nn/modules/module.py", line 1751, in _wrapped_call_impl
    return self._call_impl(*args, **kwargs)
           ^^^^^^^^^^^^^^^^^^^^^^^^^^^^^^^^
  File "/usr/local/lib/python3.11/site-packages/torch/nn/modules/module.py", line 1762, in _call_impl
    return forward_call(*args, **kwargs)
           ^^^^^^^^^^^^^^^^^^^^^^^^^^^^^
  File "/usr/local/lib/python3.11/site-packages/transformers/models/siglip/modeling_siglip.py", line 359, in forward
    hidden_states = residual + hidden_states
                    ~~~~~~~~~^~~~~~~~~~~~~~~
torch.OutOfMemoryError: CUDA out of memory. Tried to allocate 20.00 MiB. GPU 0 has a total capacity of 11.90 GiB of which 36.25 MiB is free. Process 1454823 has 11.53 GiB memory in use. Of the allocated memory 11.08 GiB is allocated by PyTorch, and 280.79 MiB is reserved by PyTorch but unallocated. If reserved but unallocated memory is large try setting PYTORCH_CUDA_ALLOC_CONF=expandable_segments:True to avoid fragmentation.  See documentation for Memory Management  (https://pytorch.org/docs/stable/notes/cuda.html#environment-variables)

