2026-03-31 07:28:36 | INFO | utils.logging | Logging initialized. Log file: outputs/run_configs_disaster_20260331_072836.log
2026-03-31 07:28:36 | INFO | utils.logging | Config loaded from: configs/disaster.yaml
2026-03-31 07:28:36 | INFO | utils.logging | Device: cuda
2026-03-31 07:28:36 | INFO | utils.logging | Eval-only mode: False
2026-03-31 07:28:36 | INFO | __main__ | ============================================================
2026-03-31 07:28:36 | INFO | __main__ | Loading dataset: damage_dataset from dataset/damage_dataset
2026-03-31 07:28:36 | INFO | __main__ | ============================================================
2026-03-31 07:28:36 | INFO | __main__ | Train: 4761 | Val: 530 | Test: 588
2026-03-31 07:28:36 | INFO | __main__ | ============================================================
2026-03-31 07:28:36 | INFO | __main__ | [training] siglip2_twoStage | Dataset: damage_dataset
2026-03-31 07:28:36 | INFO | __main__ | ============================================================
2026-03-31 07:28:36 | INFO | httpx | HTTP Request: HEAD https://huggingface.co/google/siglip2-base-patch16-naflex/resolve/main/config.json "HTTP/1.1 307 Temporary Redirect"
2026-03-31 07:28:36 | INFO | httpx | HTTP Request: HEAD https://huggingface.co/api/resolve-cache/models/google/siglip2-base-patch16-naflex/b53b807d3a2d5e2b3911292f2d69e5341cdc064c/config.json "HTTP/1.1 200 OK"
2026-03-31 07:28:37 | INFO | httpx | HTTP Request: HEAD https://huggingface.co/google/siglip2-base-patch16-naflex/resolve/main/processor_config.json "HTTP/1.1 404 Not Found"
2026-03-31 07:28:37 | WARNING | huggingface_hub.utils._http | Warning: You are sending unauthenticated requests to the HF Hub. Please set a HF_TOKEN to enable higher rate limits and faster downloads.
2026-03-31 07:28:37 | INFO | httpx | HTTP Request: HEAD https://huggingface.co/google/siglip2-base-patch16-naflex/resolve/main/preprocessor_config.json "HTTP/1.1 307 Temporary Redirect"
2026-03-31 07:28:37 | INFO | httpx | HTTP Request: HEAD https://huggingface.co/api/resolve-cache/models/google/siglip2-base-patch16-naflex/b53b807d3a2d5e2b3911292f2d69e5341cdc064c/preprocessor_config.json "HTTP/1.1 200 OK"
2026-03-31 07:28:37 | INFO | httpx | HTTP Request: HEAD https://huggingface.co/google/siglip2-base-patch16-naflex/resolve/main/processor_config.json "HTTP/1.1 404 Not Found"
2026-03-31 07:28:38 | INFO | httpx | HTTP Request: HEAD https://huggingface.co/google/siglip2-base-patch16-naflex/resolve/main/preprocessor_config.json "HTTP/1.1 307 Temporary Redirect"
2026-03-31 07:28:38 | INFO | httpx | HTTP Request: HEAD https://huggingface.co/api/resolve-cache/models/google/siglip2-base-patch16-naflex/b53b807d3a2d5e2b3911292f2d69e5341cdc064c/preprocessor_config.json "HTTP/1.1 200 OK"
2026-03-31 07:28:38 | INFO | httpx | HTTP Request: GET https://huggingface.co/api/models/google/siglip2-base-patch16-naflex/tree/main/additional_chat_templates?recursive=false&expand=false "HTTP/1.1 404 Not Found"
2026-03-31 07:28:38 | INFO | httpx | HTTP Request: HEAD https://huggingface.co/google/siglip2-base-patch16-naflex/resolve/main/processor_config.json "HTTP/1.1 404 Not Found"
2026-03-31 07:28:38 | INFO | httpx | HTTP Request: HEAD https://huggingface.co/google/siglip2-base-patch16-naflex/resolve/main/chat_template.json "HTTP/1.1 404 Not Found"
2026-03-31 07:28:38 | INFO | httpx | HTTP Request: HEAD https://huggingface.co/google/siglip2-base-patch16-naflex/resolve/main/chat_template.jinja "HTTP/1.1 404 Not Found"
2026-03-31 07:28:38 | INFO | httpx | HTTP Request: HEAD https://huggingface.co/google/siglip2-base-patch16-naflex/resolve/main/audio_tokenizer_config.json "HTTP/1.1 404 Not Found"
2026-03-31 07:28:38 | INFO | httpx | HTTP Request: HEAD https://huggingface.co/google/siglip2-base-patch16-naflex/resolve/main/processor_config.json "HTTP/1.1 404 Not Found"
2026-03-31 07:28:39 | INFO | httpx | HTTP Request: HEAD https://huggingface.co/google/siglip2-base-patch16-naflex/resolve/main/preprocessor_config.json "HTTP/1.1 307 Temporary Redirect"
2026-03-31 07:28:39 | INFO | httpx | HTTP Request: HEAD https://huggingface.co/api/resolve-cache/models/google/siglip2-base-patch16-naflex/b53b807d3a2d5e2b3911292f2d69e5341cdc064c/preprocessor_config.json "HTTP/1.1 200 OK"
2026-03-31 07:28:39 | INFO | httpx | HTTP Request: HEAD https://huggingface.co/google/siglip2-base-patch16-naflex/resolve/main/processor_config.json "HTTP/1.1 404 Not Found"
2026-03-31 07:28:39 | INFO | httpx | HTTP Request: HEAD https://huggingface.co/google/siglip2-base-patch16-naflex/resolve/main/preprocessor_config.json "HTTP/1.1 307 Temporary Redirect"
2026-03-31 07:28:39 | INFO | httpx | HTTP Request: HEAD https://huggingface.co/api/resolve-cache/models/google/siglip2-base-patch16-naflex/b53b807d3a2d5e2b3911292f2d69e5341cdc064c/preprocessor_config.json "HTTP/1.1 200 OK"
2026-03-31 07:28:39 | INFO | httpx | HTTP Request: HEAD https://huggingface.co/google/siglip2-base-patch16-naflex/resolve/main/config.json "HTTP/1.1 307 Temporary Redirect"
2026-03-31 07:28:39 | INFO | httpx | HTTP Request: HEAD https://huggingface.co/api/resolve-cache/models/google/siglip2-base-patch16-naflex/b53b807d3a2d5e2b3911292f2d69e5341cdc064c/config.json "HTTP/1.1 200 OK"
2026-03-31 07:28:39 | INFO | httpx | HTTP Request: HEAD https://huggingface.co/google/siglip2-base-patch16-naflex/resolve/main/tokenizer_config.json "HTTP/1.1 307 Temporary Redirect"
2026-03-31 07:28:39 | INFO | httpx | HTTP Request: HEAD https://huggingface.co/api/resolve-cache/models/google/siglip2-base-patch16-naflex/b53b807d3a2d5e2b3911292f2d69e5341cdc064c/tokenizer_config.json "HTTP/1.1 200 OK"
2026-03-31 07:28:39 | INFO | httpx | HTTP Request: HEAD https://huggingface.co/google/siglip2-base-patch16-naflex/resolve/main/tokenizer_config.json "HTTP/1.1 307 Temporary Redirect"
2026-03-31 07:28:40 | INFO | httpx | HTTP Request: HEAD https://huggingface.co/api/resolve-cache/models/google/siglip2-base-patch16-naflex/b53b807d3a2d5e2b3911292f2d69e5341cdc064c/tokenizer_config.json "HTTP/1.1 200 OK"
2026-03-31 07:28:40 | INFO | httpx | HTTP Request: GET https://huggingface.co/api/models/google/siglip2-base-patch16-naflex/tree/main/additional_chat_templates?recursive=false&expand=false "HTTP/1.1 404 Not Found"
2026-03-31 07:28:40 | INFO | httpx | HTTP Request: GET https://huggingface.co/api/models/google/siglip2-base-patch16-naflex/tree/main?recursive=true&expand=false "HTTP/1.1 200 OK"
2026-03-31 07:28:47 | ERROR | __main__ | Error running siglip2_twoStage on damage_dataset: Caught FileNotFoundError in DataLoader worker process 0.
Original Traceback (most recent call last):
  File "/usr/local/lib/python3.11/site-packages/torch/utils/data/_utils/worker.py", line 349, in _worker_loop
    data = fetcher.fetch(index)  # type: ignore[possibly-undefined]
           ^^^^^^^^^^^^^^^^^^^^
  File "/usr/local/lib/python3.11/site-packages/torch/utils/data/_utils/fetch.py", line 52, in fetch
    data = [self.dataset[idx] for idx in possibly_batched_index]
           ^^^^^^^^^^^^^^^^^^^^^^^^^^^^^^^^^^^^^^^^^^^^^^^^^^^^^
  File "/usr/local/lib/python3.11/site-packages/torch/utils/data/_utils/fetch.py", line 52, in <listcomp>
    data = [self.dataset[idx] for idx in possibly_batched_index]
            ~~~~~~~~~~~~^^^^^
  File "/workspaces/damageVLMs-experiment/engine/dataloaders/twoStage.py", line 61, in __getitem__
    image = Image.open(os.path.join('disasterDataset',image_path).replace("\\", "/")).convert('RGB')
            ^^^^^^^^^^^^^^^^^^^^^^^^^^^^^^^^^^^^^^^^^^^^^^^^^^^^^^^^^^^^^^^^^^^^^^^^^
  File "/usr/local/lib/python3.11/site-packages/PIL/Image.py", line 3512, in open
    fp = builtins.open(filename, "rb")
         ^^^^^^^^^^^^^^^^^^^^^^^^^^^^^
FileNotFoundError: [Errno 2] No such file or directory: 'disasterDataset/dataset/damage_dataset/non_damage/images/food_2017-11-23_23-11-10.jpg'

2026-03-31 07:28:47 | ERROR | __main__ | Traceback (most recent call last):
  File "/workspaces/damageVLMs-experiment/train.py", line 116, in main
    pipeline.run()
  File "/workspaces/damageVLMs-experiment/pipelines/two_stage.py", line 73, in run
    trainer_s1.fit(train_loader_s1, val_loader_s1, epochs=hp["stage1_epochs"])
  File "/workspaces/damageVLMs-experiment/engine/trainers/two_stage.py", line 89, in fit
    train_loss = self.train_epoch(train_loader)
                 ^^^^^^^^^^^^^^^^^^^^^^^^^^^^^^
  File "/workspaces/damageVLMs-experiment/engine/trainers/two_stage.py", line 58, in train_epoch
    for batch in train_loader:
  File "/usr/local/lib/python3.11/site-packages/torch/utils/data/dataloader.py", line 733, in __next__
    data = self._next_data()
           ^^^^^^^^^^^^^^^^^
  File "/usr/local/lib/python3.11/site-packages/torch/utils/data/dataloader.py", line 1515, in _next_data
    return self._process_data(data, worker_id)
           ^^^^^^^^^^^^^^^^^^^^^^^^^^^^^^^^^^^
  File "/usr/local/lib/python3.11/site-packages/torch/utils/data/dataloader.py", line 1550, in _process_data
    data.reraise()
  File "/usr/local/lib/python3.11/site-packages/torch/_utils.py", line 750, in reraise
    raise exception
FileNotFoundError: Caught FileNotFoundError in DataLoader worker process 0.
Original Traceback (most recent call last):
  File "/usr/local/lib/python3.11/site-packages/torch/utils/data/_utils/worker.py", line 349, in _worker_loop
    data = fetcher.fetch(index)  # type: ignore[possibly-undefined]
           ^^^^^^^^^^^^^^^^^^^^
  File "/usr/local/lib/python3.11/site-packages/torch/utils/data/_utils/fetch.py", line 52, in fetch
    data = [self.dataset[idx] for idx in possibly_batched_index]
           ^^^^^^^^^^^^^^^^^^^^^^^^^^^^^^^^^^^^^^^^^^^^^^^^^^^^^
  File "/usr/local/lib/python3.11/site-packages/torch/utils/data/_utils/fetch.py", line 52, in <listcomp>
    data = [self.dataset[idx] for idx in possibly_batched_index]
            ~~~~~~~~~~~~^^^^^
  File "/workspaces/damageVLMs-experiment/engine/dataloaders/twoStage.py", line 61, in __getitem__
    image = Image.open(os.path.join('disasterDataset',image_path).replace("\\", "/")).convert('RGB')
            ^^^^^^^^^^^^^^^^^^^^^^^^^^^^^^^^^^^^^^^^^^^^^^^^^^^^^^^^^^^^^^^^^^^^^^^^^
  File "/usr/local/lib/python3.11/site-packages/PIL/Image.py", line 3512, in open
    fp = builtins.open(filename, "rb")
         ^^^^^^^^^^^^^^^^^^^^^^^^^^^^^
FileNotFoundError: [Errno 2] No such file or directory: 'disasterDataset/dataset/damage_dataset/non_damage/images/food_2017-11-23_23-11-10.jpg'


